================================================================================
myAut2Exe >The Open Source AutoIT/AutoHotKey script decompiler< 2.4 build(82)
================================================================================
Unpacking: D:\Documents and Settings\Maverick\Desktop\thumb\PixelSoftsvn\AFT\server\file.exe
Script Type 3.2.5+ found.
AlternativeSigScan for 'FILE'-signature in au3-body...
0003EC55 -> SrcFile_FileInst: >>>AUTOIT SCRIPT<<<
Seeking back to script start position...
AU3_Signature: A3 48 4B BE 98 6C 4A A9 99 4C 53 0A 86 D6 48 7D   £HK¾˜lJ©™LS
†ÖH}

 ---> ScriptStartOffset: 0003EC00
      EndOf_PE-ExeFile: 0003EC00
Extracting ExeIcon/s to: "D:\Documents and Settings\Maverick\Desktop\thumb\PixelSoftsvn\AFT\server\file.ico"
0003EC13 -> SubType: 0x41  AU3!
~ Note:  The following offset values are were the data ends (and not were it starts) ~
0003EC17 -> New AutoIt Script Found.  - Type2 = EA06
Script is password protected!
0003EC27 -> Password/MD5PassphraseHash: 6A49F4EE8EAA4573F7D3A91E5B293BE7
            jIôîŽªEs÷Ó©[);ç
MD5PassphraseHash_ByteSum: 00000000  '+ 2477' => decryption key!
------------ Processing Body -------------
=== > Processing FILE: #1
0003EC2B -> ResType: FILE
0003EC55 -> SrcFile_FileInst: >>>AUTOIT SCRIPT<<<
0003ECB3 -> CompiledPathName: D:\DOCUME~1\Maverick\LOCALS~1\Temp\aut3EF.tmp
0003ECB4 -> IsCompressed: True  (01)
0003ECB8 -> ScriptSize Compressed: 000012F6  Decimal:4854
0003ECBC -> ScriptSize UnCompressed(used to seek to next file): 0000439B  Decimal:17307
0003ECC0 -> ADLER32 CRC of unencrypted script data: B89E138C
0003ECD0 -> FileTime (number of 100-nanosecond intervals since January 1, 1601) 
    pCreationTime:  01C8EE18B4210DB0  25.7.2008 5:38:44 [875]
    pLastWrite   :  01C8EE18B423700A  25.7.2008 5:38:44 [890]
0003ECD0 -> Begin of script data
Decrypting script data...
Calculating ADLER32 checksum from decrypted scriptdata
   OK.
JB LZSS Signature:EA06
Compressed scriptdata written to D:\Documents and Settings\Maverick\Desktop\thumb\PixelSoftsvn\AFT\server\file.pak
Expanding script data to "file.tok" at D:\Documents and Settings\Maverick\Desktop\thumb\PixelSoftsvn\AFT\server\
Setting Creation and LastWrite time
Write data in textbox
-------------------------------------------------------------------------------
Processing Finished!
0003FFCE -> End of script data   FileLen: 0003FFCF  => Overlay: 00000008
overlaybytes: 41 55 33 21 45 41 30 36   AU3!EA06
===============================================================================
Testing for Scripts that were obfuscate by 'Jos van der Zande AutoIt3 Source Obfuscator v1.0.15 [July 1, 2007]' or 'EncodeIt 2.0'
===============================================================================
Trying to DeTokenise: D:\Documents and Settings\Maverick\Desktop\thumb\PixelSoftsvn\AFT\server\file.tok
00000003 -> Code Lines: 299   0x0000012B
Keep TmpFile is unchecked => Deleting 'file.tok'
Deleting: D:\Documents and Settings\Maverick\Desktop\thumb\PixelSoftsvn\AFT\server\file.tok
Converting Unicode to UTF8, since Tidy don't support unicode.
Try to breaks very long lines (about 2000 chars) by adding '_'+<NewLine> ...
Save/overwrite script to: D:\Documents and Settings\Maverick\Desktop\thumb\PixelSoftsvn\AFT\server\file.au3

Running 'Tidy.exe file.au3' to improve sourcecode readability.
D:\Documents and Settings\Maverick\My Documents\atut2exe\Tidy\Tidy.exe "D:\Documents and Settings\Maverick\Desktop\thumb\PixelSoftsvn\AFT\server\file.au3"
=> Okay (ExitCode: 0).
Deleting Tidy BackupFile...
Deleting: D:\Documents and Settings\Maverick\Desktop\thumb\PixelSoftsvn\AFT\server\file_old1.au3
Token expansion succeed.
===============================================================================
Trying to DeObfuscate : D:\Documents and Settings\Maverick\Desktop\thumb\PixelSoftsvn\AFT\server\file.au3
ERR: Script is NOT obfuscate by 'Jos van der Zande AutoIt3 Source Obfuscator v1.0.15 [July 1, 2007]', v1.0.14[June 16, 2007] or 'EncodeIt 2.0'

Saving Logdata to : D:\Documents and Settings\Maverick\Desktop\thumb\PixelSoftsvn\AFT\server\_myExeToAut.log

